<?xml version="1.0" encoding="UTF-8"?>
<!-- Generated by org.testng.reporters.JUnitReportReporter -->
<testsuite skipped="0" hostname="USHYDBISROUT1" name="SeleniumTest.TestCycle2" tests="1" failures="1" timestamp="2020-07-06T12:01:44 IST" time="22.840" errors="0">
  <testcase name="Validation_POST_call" time="22.840" classname="SeleniumTest.TestCycle2">
    <failure type="org.junit.ComparisonFailure" message="Home Page is not arrived expected:&lt;[Hello biswajit!]&gt; but was:&lt;[ biswajit]&gt;">
      <![CDATA[org.junit.ComparisonFailure: Home Page is not arrived expected:<[Hello biswajit!]> but was:<[ biswajit]>
at org.junit.Assert.assertEquals(Assert.java:117)
at SeleniumTest.TestCycle2.Validation_POST_call(TestCycle2.java:35)
at sun.reflect.NativeMethodAccessorImpl.invoke0(Native Method)
at sun.reflect.NativeMethodAccessorImpl.invoke(NativeMethodAccessorImpl.java:62)
at sun.reflect.DelegatingMethodAccessorImpl.invoke(DelegatingMethodAccessorImpl.java:43)
at java.lang.reflect.Method.invoke(Method.java:498)
at org.testng.internal.MethodInvocationHelper.invokeMethod(MethodInvocationHelper.java:134)
at org.testng.internal.TestInvoker.invokeMethod(TestInvoker.java:597)
at org.testng.internal.TestInvoker.invokeTestMethod(TestInvoker.java:173)
at org.testng.internal.MethodRunner.runInSequence(MethodRunner.java:46)
at org.testng.internal.TestInvoker$MethodInvocationAgent.invoke(TestInvoker.java:816)
at org.testng.internal.TestInvoker.invokeTestMethods(TestInvoker.java:146)
at org.testng.internal.TestMethodWorker.invokeTestMethods(TestMethodWorker.java:146)
at org.testng.internal.TestMethodWorker.run(TestMethodWorker.java:128)
at java.util.concurrent.ThreadPoolExecutor.runWorker(ThreadPoolExecutor.java:1149)
at java.util.concurrent.ThreadPoolExecutor$Worker.run(ThreadPoolExecutor.java:624)
at java.lang.Thread.run(Thread.java:748)
]]>
    </failure>
  </testcase> <!-- Validation_POST_call -->
  <system-out/>
</testsuite> <!-- SeleniumTest.TestCycle2 -->
